2022-10-19 11:00:40.687 +0530 [debug] ([34mconfigs.js[0m) [31mloaded default configs as "{"updates":{"manifest_url":"https://ws.freshdev.io/cli/updates.json","period":24},"log":{"level":"info"},"javascript":{"ecma_version":2020}}"[0m
2022-10-19 11:00:40.750 +0530 [debug] ([34mfile-util.js[0m) [31mError while requiring C:\Users\LENOVO/.fdk/configs.json: Cannot find module 'C:\Users\LENOVO/.fdk/configs.json'
Require stack:
- C:\Users\LENOVO\AppData\Roaming\npm\node_modules\fdk\lib\utils\file-util.js
- C:\Users\LENOVO\AppData\Roaming\npm\node_modules\fdk\lib\configs.js
- C:\Users\LENOVO\AppData\Roaming\npm\node_modules\fdk\lib\logger.js
- C:\Users\LENOVO\AppData\Roaming\npm\node_modules\fdk\index.js[0m
2022-10-19 11:00:40.751 +0530 [debug] ([34mconfigs.js[0m) [31mloaded global configs as "{}"[0m
2022-10-19 11:00:40.751 +0530 [debug] ([34mfile-util.js[0m) [31mError while requiring E:\Tejasri\FService\MD-MP/.fdk/configs.json: Cannot find module 'E:\Tejasri\FService\MD-MP/.fdk/configs.json'
Require stack:
- C:\Users\LENOVO\AppData\Roaming\npm\node_modules\fdk\lib\utils\file-util.js
- C:\Users\LENOVO\AppData\Roaming\npm\node_modules\fdk\lib\configs.js
- C:\Users\LENOVO\AppData\Roaming\npm\node_modules\fdk\lib\logger.js
- C:\Users\LENOVO\AppData\Roaming\npm\node_modules\fdk\index.js[0m
2022-10-19 11:00:40.751 +0530 [debug] ([34mconfigs.js[0m) [31mloaded local configs as "{}"[0m
2022-10-19 11:00:40.751 +0530 [debug] ([34mconfigs.js[0m) [31mloaded env configs as "{"updates":{},"log":{},"javascript":{}}"[0m
2022-10-19 11:00:40.752 +0530 [debug] ([34mconfigs.js[0m) [31mloaded resolved configs as "{"updates":{"manifest_url":"https://ws.freshdev.io/cli/updates.json","period":24},"log":{"level":"info"},"javascript":{"ecma_version":2020}}"[0m
2022-10-19 11:00:40.752 +0530 [debug] ([34mlogger.js[0m) [31mStarting FDK in node v14.17.3 on win32[0m
2022-10-19 11:00:40.752 +0530 [debug] ([34msequelize.js[0m) [31msetting up sqilite at "E:\Tejasri\FService\MD-MP/.fdk/store.sqlite"[0m
2022-10-19 11:00:40.752 +0530 [debug] ([34mindex.js[0m) [31mRunning with args {"cmd":"create","gopts":{},"opts":{},"goptArg":{},"optArg":{},"args":[]}[0m
2022-10-19 11:00:40.752 +0530 [debug] ([34mdata-util.js[0m) [31mRead {"version_details":{"cli":{"deprecated":{"version":"<8","message":"This FDK version will be deprecated by September 30, 2022. There will be no further feature updates to this version. For a seamless app building experience, ensure to move to the latest FDK version. For more information, see https://community.developers.freshworks.com/t/5433."},"forced":{"version":"7.0.0","command":"npm install https://dl.freshdev.io/cli/fdk-7.0.0.tgz -g","message":"Your FDK version has been forced updated to v7.0.0, please visit https://community.developers.freshworks.com/t/fdk-v7-0-announcing-node-js-v12-and-es6-support/3606 to know more"},"latest":{"version":"8.6.4","command":"npm install https://dl.freshdev.io/cli/fdk.tgz -g","message":"You can now use the postConfigs() and getConfigs() methods, in iparams.js, to store and retrieve installation parameters configured through the Custom Installation page. Previously, these methods could only be used in iparams.html."}},"addon":{"version":"1.11.0","url":"https://dl.freshdev.io/cli-addon/addon.zip"}},"last_updated":{"time_stamp":1665320297993}}[0m
2022-10-19 11:00:40.752 +0530 [debug] ([34mupdater.js[0m) [31mlast check more than 24 hours ago, looking for updates again[0m
2022-10-19 11:00:42.115 +0530 [debug] ([34mupdater.js[0m) [31mdownloaded update manifest as {"cli":{"deprecated":{"version":"<8","message":"This FDK version will be deprecated by September 30, 2022. There will be no further feature updates to this version. For a seamless app building experience, ensure to move to the latest FDK version. For more information, see https://community.developers.freshworks.com/t/5433."},"forced":{"version":"7.0.0","command":"npm install https://dl.freshdev.io/cli/fdk-7.0.0.tgz -g","message":"Your FDK version has been forced updated to v7.0.0, please visit https://community.developers.freshworks.com/t/fdk-v7-0-announcing-node-js-v12-and-es6-support/3606 to know more"},"latest":{"version":"8.6.4","command":"npm install https://dl.freshdev.io/cli/fdk.tgz -g","message":"You can now use the postConfigs() and getConfigs() methods, in iparams.js, to store and retrieve installation parameters configured through the Custom Installation page. Previously, these methods could only be used in iparams.html."}},"addon":{"version":"1.11.0","url":"https://dl.freshdev.io/cli-addon/addon.zip"}}[0m
2022-10-19 11:00:42.116 +0530 [debug] ([34mdata-util.js[0m) [31mRead {"version_details":{"cli":{"deprecated":{"version":"<8","message":"This FDK version will be deprecated by September 30, 2022. There will be no further feature updates to this version. For a seamless app building experience, ensure to move to the latest FDK version. For more information, see https://community.developers.freshworks.com/t/5433."},"forced":{"version":"7.0.0","command":"npm install https://dl.freshdev.io/cli/fdk-7.0.0.tgz -g","message":"Your FDK version has been forced updated to v7.0.0, please visit https://community.developers.freshworks.com/t/fdk-v7-0-announcing-node-js-v12-and-es6-support/3606 to know more"},"latest":{"version":"8.6.4","command":"npm install https://dl.freshdev.io/cli/fdk.tgz -g","message":"You can now use the postConfigs() and getConfigs() methods, in iparams.js, to store and retrieve installation parameters configured through the Custom Installation page. Previously, these methods could only be used in iparams.html."}},"addon":{"version":"1.11.0","url":"https://dl.freshdev.io/cli-addon/addon.zip"}},"last_updated":{"time_stamp":1665320297993}}[0m
2022-10-19 11:00:42.118 +0530 [debug] ([34mdata-util.js[0m) [31mRead {"version_details":{"cli":{"deprecated":{"version":"<8","message":"This FDK version will be deprecated by September 30, 2022. There will be no further feature updates to this version. For a seamless app building experience, ensure to move to the latest FDK version. For more information, see https://community.developers.freshworks.com/t/5433."},"forced":{"version":"7.0.0","command":"npm install https://dl.freshdev.io/cli/fdk-7.0.0.tgz -g","message":"Your FDK version has been forced updated to v7.0.0, please visit https://community.developers.freshworks.com/t/fdk-v7-0-announcing-node-js-v12-and-es6-support/3606 to know more"},"latest":{"version":"8.6.4","command":"npm install https://dl.freshdev.io/cli/fdk.tgz -g","message":"You can now use the postConfigs() and getConfigs() methods, in iparams.js, to store and retrieve installation parameters configured through the Custom Installation page. Previously, these methods could only be used in iparams.html."}},"addon":{"version":"1.11.0","url":"https://dl.freshdev.io/cli-addon/addon.zip"}},"last_updated":{"time_stamp":1665320297993}}[0m
2022-10-19 11:00:42.168 +0530 [debug] ([34mdata-util.js[0m) [31mRead {"version_details":{"cli":{"deprecated":{"version":"<8","message":"This FDK version will be deprecated by September 30, 2022. There will be no further feature updates to this version. For a seamless app building experience, ensure to move to the latest FDK version. For more information, see https://community.developers.freshworks.com/t/5433."},"forced":{"version":"7.0.0","command":"npm install https://dl.freshdev.io/cli/fdk-7.0.0.tgz -g","message":"Your FDK version has been forced updated to v7.0.0, please visit https://community.developers.freshworks.com/t/fdk-v7-0-announcing-node-js-v12-and-es6-support/3606 to know more"},"latest":{"version":"8.6.4","command":"npm install https://dl.freshdev.io/cli/fdk.tgz -g","message":"You can now use the postConfigs() and getConfigs() methods, in iparams.js, to store and retrieve installation parameters configured through the Custom Installation page. Previously, these methods could only be used in iparams.html."}},"addon":{"version":"1.11.0","url":"https://dl.freshdev.io/cli-addon/addon.zip"}},"last_updated":{"time_stamp":1665320297993}}[0m
2022-10-19 11:00:42.812 +0530 [debug] ([34mdata-util.js[0m) [31mRead {"version_details":{"cli":{"deprecated":{"version":"<8","message":"This FDK version will be deprecated by September 30, 2022. There will be no further feature updates to this version. For a seamless app building experience, ensure to move to the latest FDK version. For more information, see https://community.developers.freshworks.com/t/5433."},"forced":{"version":"7.0.0","command":"npm install https://dl.freshdev.io/cli/fdk-7.0.0.tgz -g","message":"Your FDK version has been forced updated to v7.0.0, please visit https://community.developers.freshworks.com/t/fdk-v7-0-announcing-node-js-v12-and-es6-support/3606 to know more"},"latest":{"version":"8.6.4","command":"npm install https://dl.freshdev.io/cli/fdk.tgz -g","message":"You can now use the postConfigs() and getConfigs() methods, in iparams.js, to store and retrieve installation parameters configured through the Custom Installation page. Previously, these methods could only be used in iparams.html."}},"addon":{"version":"1.11.0","url":"https://dl.freshdev.io/cli-addon/addon.zip"}},"last_updated":{"time_stamp":1666157442167}}[0m
2022-10-19 11:00:43.110 +0530 [debug] ([34mcreate.js[0m) [31m'init' called with E:\Tejasri\FService\MD-MP, undefined, undefined[0m
2022-10-19 11:01:07.567 +0530 [debug] ([34mcreate.js[0m) [31mInitializing template "your_first_serverless_app" with product "freshservice".[0m
2022-10-19 11:01:08.203 +0530 [info] A new Freshservice app was successfully created from template "your_first_serverless_app" with the following files.

2022-10-19 23:55:32.445 +0530 [debug] ([34mconfigs.js[0m) [31mloaded default configs as "{"updates":{"manifest_url":"https://ws.freshdev.io/cli/updates.json","period":24},"log":{"level":"info"},"javascript":{"ecma_version":2020}}"[0m
2022-10-19 23:55:32.447 +0530 [debug] ([34mfile-util.js[0m) [31mError while requiring C:\Users\LENOVO/.fdk/configs.json: Cannot find module 'C:\Users\LENOVO/.fdk/configs.json'
Require stack:
- C:\Users\LENOVO\AppData\Roaming\npm\node_modules\fdk\lib\utils\file-util.js
- C:\Users\LENOVO\AppData\Roaming\npm\node_modules\fdk\lib\configs.js
- C:\Users\LENOVO\AppData\Roaming\npm\node_modules\fdk\lib\logger.js
- C:\Users\LENOVO\AppData\Roaming\npm\node_modules\fdk\index.js[0m
2022-10-19 23:55:32.448 +0530 [debug] ([34mconfigs.js[0m) [31mloaded global configs as "{}"[0m
2022-10-19 23:55:32.448 +0530 [debug] ([34mfile-util.js[0m) [31mError while requiring E:\Tejasri\FService\Mdigital-Mpay/.fdk/configs.json: Cannot find module 'E:\Tejasri\FService\Mdigital-Mpay/.fdk/configs.json'
Require stack:
- C:\Users\LENOVO\AppData\Roaming\npm\node_modules\fdk\lib\utils\file-util.js
- C:\Users\LENOVO\AppData\Roaming\npm\node_modules\fdk\lib\configs.js
- C:\Users\LENOVO\AppData\Roaming\npm\node_modules\fdk\lib\logger.js
- C:\Users\LENOVO\AppData\Roaming\npm\node_modules\fdk\index.js[0m
2022-10-19 23:55:32.448 +0530 [debug] ([34mconfigs.js[0m) [31mloaded local configs as "{}"[0m
2022-10-19 23:55:32.448 +0530 [debug] ([34mconfigs.js[0m) [31mloaded env configs as "{"updates":{},"log":{},"javascript":{}}"[0m
2022-10-19 23:55:32.448 +0530 [debug] ([34mconfigs.js[0m) [31mloaded resolved configs as "{"updates":{"manifest_url":"https://ws.freshdev.io/cli/updates.json","period":24},"log":{"level":"info"},"javascript":{"ecma_version":2020}}"[0m
2022-10-19 23:55:32.448 +0530 [debug] ([34mlogger.js[0m) [31mStarting FDK in node v14.17.3 on win32[0m
2022-10-19 23:55:32.449 +0530 [debug] ([34msequelize.js[0m) [31msetting up sqilite at "E:\Tejasri\FService\Mdigital-Mpay/.fdk/store.sqlite"[0m
2022-10-19 23:55:32.449 +0530 [debug] ([34mindex.js[0m) [31mRunning with args {"cmd":"run","gopts":{},"opts":{},"goptArg":{},"optArg":{},"args":[]}[0m
2022-10-19 23:55:32.449 +0530 [debug] ([34mdata-util.js[0m) [31mRead {"version_details":{"cli":{"deprecated":{"version":"<8","message":"This FDK version will be deprecated by September 30, 2022. There will be no further feature updates to this version. For a seamless app building experience, ensure to move to the latest FDK version. For more information, see https://community.developers.freshworks.com/t/5433."},"forced":{"version":"7.0.0","command":"npm install https://dl.freshdev.io/cli/fdk-7.0.0.tgz -g","message":"Your FDK version has been forced updated to v7.0.0, please visit https://community.developers.freshworks.com/t/fdk-v7-0-announcing-node-js-v12-and-es6-support/3606 to know more"},"latest":{"version":"8.6.4","command":"npm install https://dl.freshdev.io/cli/fdk.tgz -g","message":"You can now use the postConfigs() and getConfigs() methods, in iparams.js, to store and retrieve installation parameters configured through the Custom Installation page. Previously, these methods could only be used in iparams.html."}},"addon":{"version":"1.11.0","url":"https://dl.freshdev.io/cli-addon/addon.zip"}},"last_updated":{"time_stamp":1666157442167}}[0m
2022-10-19 23:55:32.449 +0530 [debug] ([34mupdater.js[0m) [31mlast check less than 24 hours ago, not looking for updates[0m
2022-10-19 23:55:42.572 +0530 [debug] ([34mmanifest.js[0m) [31mReloading manifest with {"platform-version":"2.2","product":{"freshservice":{"events":{"onTicketCreate":{"handler":"onTicketCreateHandler"}}}},"whitelisted-domains":[],"engines":{"node":"14.17.3","fdk":"8.6.4"}}.[0m
2022-10-19 23:55:42.572 +0530 [debug] ([34mmanifest.js[0m) [31mInferred db,backend as features.[0m
2022-10-19 23:55:42.607 +0530 [debug] ([34mdata-util.js[0m) [31mRead {"version_details":{"cli":{"deprecated":{"version":"<8","message":"This FDK version will be deprecated by September 30, 2022. There will be no further feature updates to this version. For a seamless app building experience, ensure to move to the latest FDK version. For more information, see https://community.developers.freshworks.com/t/5433."},"forced":{"version":"7.0.0","command":"npm install https://dl.freshdev.io/cli/fdk-7.0.0.tgz -g","message":"Your FDK version has been forced updated to v7.0.0, please visit https://community.developers.freshworks.com/t/fdk-v7-0-announcing-node-js-v12-and-es6-support/3606 to know more"},"latest":{"version":"8.6.4","command":"npm install https://dl.freshdev.io/cli/fdk.tgz -g","message":"You can now use the postConfigs() and getConfigs() methods, in iparams.js, to store and retrieve installation parameters configured through the Custom Installation page. Previously, these methods could only be used in iparams.html."}},"addon":{"version":"1.11.0","url":"https://dl.freshdev.io/cli-addon/addon.zip"}},"last_updated":{"time_stamp":1666157442167}}[0m
2022-10-19 23:55:43.194 +0530 [debug] ([34mdata-util.js[0m) [31mRead {"version_details":{"cli":{"deprecated":{"version":"<8","message":"This FDK version will be deprecated by September 30, 2022. There will be no further feature updates to this version. For a seamless app building experience, ensure to move to the latest FDK version. For more information, see https://community.developers.freshworks.com/t/5433."},"forced":{"version":"7.0.0","command":"npm install https://dl.freshdev.io/cli/fdk-7.0.0.tgz -g","message":"Your FDK version has been forced updated to v7.0.0, please visit https://community.developers.freshworks.com/t/fdk-v7-0-announcing-node-js-v12-and-es6-support/3606 to know more"},"latest":{"version":"8.6.4","command":"npm install https://dl.freshdev.io/cli/fdk.tgz -g","message":"You can now use the postConfigs() and getConfigs() methods, in iparams.js, to store and retrieve installation parameters configured through the Custom Installation page. Previously, these methods could only be used in iparams.html."}},"addon":{"version":"1.11.0","url":"https://dl.freshdev.io/cli-addon/addon.zip"}},"last_updated":{"time_stamp":1666157442167}}[0m
2022-10-19 23:55:48.117 +0530 [debug] ([34mfile-util.js[0m) [31mError while requiring E:\Tejasri\FService\Mdigital-Mpay/.report.json: Cannot find module 'E:\Tejasri\FService\Mdigital-Mpay/.report.json'
Require stack:
- C:\Users\LENOVO\AppData\Roaming\npm\node_modules\fdk\lib\utils\file-util.js
- C:\Users\LENOVO\AppData\Roaming\npm\node_modules\fdk\lib\configs.js
- C:\Users\LENOVO\AppData\Roaming\npm\node_modules\fdk\lib\logger.js
- C:\Users\LENOVO\AppData\Roaming\npm\node_modules\fdk\index.js[0m
2022-10-19 23:56:04.483 +0530 [debug] ([34mdata-util.js[0m) [31mRead {"version_details":{"cli":{"deprecated":{"version":"<8","message":"This FDK version will be deprecated by September 30, 2022. There will be no further feature updates to this version. For a seamless app building experience, ensure to move to the latest FDK version. For more information, see https://community.developers.freshworks.com/t/5433."},"forced":{"version":"7.0.0","command":"npm install https://dl.freshdev.io/cli/fdk-7.0.0.tgz -g","message":"Your FDK version has been forced updated to v7.0.0, please visit https://community.developers.freshworks.com/t/fdk-v7-0-announcing-node-js-v12-and-es6-support/3606 to know more"},"latest":{"version":"8.6.4","command":"npm install https://dl.freshdev.io/cli/fdk.tgz -g","message":"You can now use the postConfigs() and getConfigs() methods, in iparams.js, to store and retrieve installation parameters configured through the Custom Installation page. Previously, these methods could only be used in iparams.html."}},"addon":{"version":"1.11.0","url":"https://dl.freshdev.io/cli-addon/addon.zip"}},"last_updated":{"time_stamp":1666157442167}}[0m
2022-10-19 23:56:31.740 +0530 [debug] ([34mvalidate.js[0m) [31masked to skip the following validations, [0m
2022-10-19 23:56:31.742 +0530 [debug] ([34mvalidate.js[0m) [31mrunning validator actions[0m
2022-10-19 23:56:31.743 +0530 [debug] ([34mvalidate.js[0m) [31mrunning validator app-dir[0m
2022-10-19 23:56:31.744 +0530 [debug] ([34mvalidate.js[0m) [31mrunning validator config-dir[0m
2022-10-19 23:56:31.744 +0530 [debug] ([34mconfig-dir.js[0m) [31mChecking to see if E:\Tejasri\FService\Mdigital-Mpay/config/ exists.[0m
2022-10-19 23:56:31.746 +0530 [debug] ([34mconfig-dir.js[0m) [31mFetched the following config files assets,iparams.html[0m
2022-10-19 23:56:31.746 +0530 [debug] ([34mvalidate.js[0m) [31mrunning validator custom-objects[0m
2022-10-19 23:56:31.747 +0530 [debug] ([34mvalidate.js[0m) [31mrunning validator event[0m
2022-10-19 23:56:31.760 +0530 [debug] ([34mevent-util.js[0m) [31mFound ["onTicketCreateHandler"] as exported functions.[0m
2022-10-19 23:56:31.762 +0530 [debug] ([34mvalidate.js[0m) [31mrunning validator iparam[0m
2022-10-19 23:56:31.795 +0530 [debug] ([34mvalidate.js[0m) [31mskipping validator lint[0m
2022-10-19 23:56:31.796 +0530 [debug] ([34mvalidate.js[0m) [31mrunning validator manifest[0m
2022-10-19 23:56:31.796 +0530 [debug] ([34mmanifest.js[0m) [31mrunning manifest validation with type run_validation[0m
2022-10-19 23:56:31.796 +0530 [debug] ([34mvalidate.js[0m) [31mskipping validator manifest-dependency[0m
2022-10-19 23:56:31.796 +0530 [debug] ([34mvalidate.js[0m) [31mrunning validator oauth[0m
2022-10-19 23:56:31.796 +0530 [debug] ([34mvalidate.js[0m) [31mskipping validator pkgsize[0m
2022-10-19 23:56:31.796 +0530 [debug] ([34mvalidate.js[0m) [31mrunning validator schema[0m
2022-10-19 23:56:31.797 +0530 [debug] ([34mvalidate.js[0m) [31mrunning validator version-check[0m
2022-10-19 23:56:31.812 +0530 [debug] ([34mwatcher.js[0m) [31mPreparing to watch the following files ./config,./manifest.json[0m
2022-10-19 23:56:31.818 +0530 [debug] ([34minstall-util.js[0m) [31mdependency installer called with {}[0m
2022-10-19 23:56:31.819 +0530 [debug] ([34mdata-util.js[0m) [31mRead {}[0m
2022-10-19 23:56:31.819 +0530 [debug] ([34mcustom-objects.js[0m) [31mto force or not? false[0m
2022-10-19 23:56:31.819 +0530 [debug] ([34mcustom-objects.js[0m) [31mbeginning to re-sync db[0m
2022-10-19 23:56:35.615 +0530 [debug] ([34mindex.js[0m) [31mloading model at "C:\Users\LENOVO\AppData\Roaming\npm\node_modules\fdk\lib\models\bigint-pivot.js"[0m
2022-10-19 23:56:35.657 +0530 [debug] ([34mindex.js[0m) [31mloading model at "C:\Users\LENOVO\AppData\Roaming\npm\node_modules\fdk\lib\models\entity-field-choice.js"[0m
2022-10-19 23:56:35.669 +0530 [debug] ([34mindex.js[0m) [31mloading model at "C:\Users\LENOVO\AppData\Roaming\npm\node_modules\fdk\lib\models\entity-field.js"[0m
2022-10-19 23:56:35.689 +0530 [debug] ([34mindex.js[0m) [31mloading model at "C:\Users\LENOVO\AppData\Roaming\npm\node_modules\fdk\lib\models\entity.js"[0m
2022-10-19 23:56:35.705 +0530 [debug] ([34mindex.js[0m) [31mloading model at "C:\Users\LENOVO\AppData\Roaming\npm\node_modules\fdk\lib\models\record.js"[0m
2022-10-19 23:56:35.739 +0530 [debug] ([34mindex.js[0m) [31mloading model at "C:\Users\LENOVO\AppData\Roaming\npm\node_modules\fdk\lib\models\string-pivot.js"[0m
2022-10-19 23:56:35.821 +0530 [debug] ([34mdata-util.js[0m) [31mRead {}[0m
2022-10-19 23:56:35.821 +0530 [debug] ([34mcustom-objects.js[0m) [31mupdated local store with latest entity hash[0m
2022-10-19 23:56:35.823 +0530 [info] Starting local testing server at http://*:10001/    
Append 'dev=true' to your Freshservice account URL to start testing    
e.g. https://domain.freshservice.com/helpdesk/tickets/1?dev=true    
Quit the server with Control-C.
2022-10-19 23:56:35.823 +0530 [info] 
To simulate product, app setup, and external events, visit - http://localhost:10001/web/test
2022-10-19 23:56:35.824 +0530 [info] Populating test data with events found in the app
2022-10-19 23:56:35.825 +0530 [info] To test the installation page, visit - http://localhost:10001/custom_configs
2022-10-19 23:57:28.207 +0530 [debug] ([34mdata-util.js[0m) [31mRead {}[0m
2022-10-19 23:57:28.208 +0530 [debug] ([34miframe.js[0m) [31mResponding to product with {"configs":{},"displayName":"Mdigital-Mpay","product":{"freshservice":{"events":{"onTicketCreate":{"handler":"onTicketCreateHandler"}}}},"features":["db","backend"],"actions":false,"omni":false,"products":["freshservice"],"platform":"2.2","v2":[]}[0m
2022-10-19 23:57:28.231 +0530 [debug] ([34mdata-util.js[0m) [31mRead {}[0m
2022-10-19 23:58:10.354 +0530 [debug] ([34mwatcher.js[0m) [31mBroadcasted "{"file":"config\\iparams.html"}" to all listeners.[0m
2022-10-19 23:58:24.975 +0530 [debug] ([34mwatcher.js[0m) [31mBroadcasted "{"file":"config\\iparams.html"}" to all listeners.[0m
2022-10-19 23:58:54.804 +0530 [debug] ([34mwatcher.js[0m) [31mBroadcasted "{"file":"config\\iparams.html"}" to all listeners.[0m
2022-10-19 23:59:04.974 +0530 [debug] ([34mwatcher.js[0m) [31mBroadcasted "{"file":"config\\iparams.html"}" to all listeners.[0m
